<?xml version="1.0" encoding="UTF-8"?>
<!-- Generated by org.testng.reporters.JUnitReportReporter -->
<testsuite hostname="DESKTOP-AEA13V1" failures="0" tests="3" name="cucumber.TestNGTestRunner" time="0.138" errors="3" timestamp="2024-09-03T12:22:09 IST" skipped="0">
  <testcase classname="cucumber.TestNGTestRunner" name="runScenario" time="0.012">
    <error message="Cannot invoke &quot;org.openqa.selenium.WebDriver.manage()&quot; because &quot;this.driver&quot; is null" type="java.lang.NullPointerException">
      <![CDATA[java.lang.NullPointerException: Cannot invoke "org.openqa.selenium.WebDriver.manage()" because "this.driver" is null
at rahulsheetyacademy.TestComponents.BaseTest.intializeDriver(BaseTest.java:50)
at rahulsheetyacademy.TestComponents.BaseTest.launchApplication(BaseTest.java:58)
at rahulsheetyacademy.stepdefinition.StepDefinitionImpl.I_landed_on_Ecommerce_page(StepDefinitionImpl.java:28)
at ✽.I landed on Ecommerce page(file:///C:/Users/DELL/eclipse-workspace/project/DesignFramework/src/test/java/cucumber/StandAloneP.feature:6)
]]>
    </error>
  </testcase> <!-- runScenario -->
  <testcase classname="cucumber.TestNGTestRunner" name="runScenario" time="0.115">
    <error message="Cannot invoke &quot;org.openqa.selenium.WebDriver.manage()&quot; because &quot;this.driver&quot; is null" type="java.lang.NullPointerException">
      <![CDATA[java.lang.NullPointerException: Cannot invoke "org.openqa.selenium.WebDriver.manage()" because "this.driver" is null
at rahulsheetyacademy.TestComponents.BaseTest.intializeDriver(BaseTest.java:50)
at rahulsheetyacademy.TestComponents.BaseTest.launchApplication(BaseTest.java:58)
at rahulsheetyacademy.stepdefinition.StepDefinitionImpl.I_landed_on_Ecommerce_page(StepDefinitionImpl.java:28)
at ✽.I landed on Ecommerce page(file:///C:/Users/DELL/eclipse-workspace/project/DesignFramework/src/test/java/cucumber/ErrorValidations.feature:8)
]]>
    </error>
  </testcase> <!-- runScenario -->
  <testcase classname="cucumber.TestNGTestRunner" name="runScenario" time="0.011">
    <error message="Cannot invoke &quot;org.openqa.selenium.WebDriver.manage()&quot; because &quot;this.driver&quot; is null" type="java.lang.NullPointerException">
      <![CDATA[java.lang.NullPointerException: Cannot invoke "org.openqa.selenium.WebDriver.manage()" because "this.driver" is null
at rahulsheetyacademy.TestComponents.BaseTest.intializeDriver(BaseTest.java:50)
at rahulsheetyacademy.TestComponents.BaseTest.launchApplication(BaseTest.java:58)
at rahulsheetyacademy.stepdefinition.StepDefinitionImpl.I_landed_on_Ecommerce_page(StepDefinitionImpl.java:28)
at ✽.I landed on Ecommerce page(file:///C:/Users/DELL/eclipse-workspace/project/DesignFramework/src/test/java/cucumber/StandAloneP.feature:6)
]]>
    </error>
  </testcase> <!-- runScenario -->
</testsuite> <!-- cucumber.TestNGTestRunner -->
